<?xml version="1.0" encoding="UTF-8"?>
<!-- Generated by org.testng.reporters.JUnitReportReporter -->
<testsuite hostname="LAPTOP-S8KVD42F" failures="0" tests="14" name="runner.MyRunner_TestNG" time="344.694" errors="0" timestamp="2024-01-30T12:11:40 GMT-05:00" skipped="0">
  <testcase classname="runner.MyRunner_TestNG" name="runScenario" time="18.310"/>
  <testcase classname="runner.MyRunner_TestNG" name="runScenario" time="18.887"/>
  <testcase classname="runner.MyRunner_TestNG" name="runScenario" time="22.206"/>
  <testcase classname="runner.MyRunner_TestNG" name="runScenario" time="22.989"/>
  <testcase classname="runner.MyRunner_TestNG" name="runScenario" time="19.751"/>
  <testcase classname="runner.MyRunner_TestNG" name="runScenario" time="30.522"/>
  <testcase classname="runner.MyRunner_TestNG" name="runScenario" time="33.560"/>
  <testcase classname="runner.MyRunner_TestNG" name="runScenario" time="23.431"/>
  <testcase classname="runner.MyRunner_TestNG" name="runScenario" time="15.622"/>
  <testcase classname="runner.MyRunner_TestNG" name="runScenario" time="24.625"/>
  <testcase classname="runner.MyRunner_TestNG" name="runScenario" time="41.051"/>
  <testcase classname="runner.MyRunner_TestNG" name="runScenario" time="23.655"/>
  <testcase classname="runner.MyRunner_TestNG" name="runScenario" time="20.290"/>
  <testcase classname="runner.MyRunner_TestNG" name="runScenario" time="29.795"/>
</testsuite> <!-- runner.MyRunner_TestNG -->
